<?xml version="1.0" encoding="UTF-8"?>
<!-- Generated by org.testng.reporters.JUnitReportReporter -->
<testsuite hostname="LAPTOP-CMRBODCF" failures="0" tests="3" name="org.testng.TestNGRunner" time="52.925" errors="0" timestamp="2026-04-29T11:31:25 IST" skipped="0">
  <testcase classname="org.testng.TestNGRunner" name="tc1" time="17.885"/>
  <system-out/>
  <testcase classname="org.testng.TestNGRunner" name="tc1" time="20.282"/>
  <system-out/>
  <testcase classname="org.testng.TestNGRunner" name="tc1" time="14.758"/>
  <system-out/>
</testsuite> <!-- org.testng.TestNGRunner -->
